<?xml version="1.0" encoding="UTF-8"?>
<!-- Generated by org.testng.reporters.JUnitXMLReporter -->
<testsuite ignored="9" hostname="DESKTOP-62EHF2O" failures="0" tests="2" name="Test" time="7.532" errors="0" timestamp="2025-06-17T22:50:11 IST">
  <testcase classname="com.selenium.practice.HandlingWebElement1" name="dragAndDrop" time="7.091"/>
  <testcase classname="com.selenium.practice.HandlingWebElement2" name="copyPaste" time="7.484"/>
  <testcase classname="com.selenium.practice.HandlingWebElement1" name="doubleClick" time="0.0">
    <ignored/>
  </testcase> <!-- doubleClick -->
  <testcase classname="com.selenium.practice.HandlingWebElement2" name="dynamicWebTable1" time="0.0">
    <ignored/>
  </testcase> <!-- dynamicWebTable1 -->
  <testcase classname="com.selenium.practice.HandlingWebElement2" name="shadowDOM" time="0.0">
    <ignored/>
  </testcase> <!-- shadowDOM -->
  <testcase classname="com.selenium.practice.HandlingWebElement2" name="dynamicWebTable2" time="0.0">
    <ignored/>
  </testcase> <!-- dynamicWebTable2 -->
  <testcase classname="com.selenium.practice.HandlingWebElement2" name="sliderDemo" time="0.0">
    <ignored/>
  </testcase> <!-- sliderDemo -->
  <testcase classname="com.selenium.practice.WebdriverMethods" name="methodsWebdriver" time="0.0">
    <ignored/>
  </testcase> <!-- methodsWebdriver -->
  <testcase classname="com.selenium.practice.HandlingWebElement2" name="takeScreenshot" time="0.0">
    <ignored/>
  </testcase> <!-- takeScreenshot -->
  <testcase classname="com.selenium.practice.HandlingWebElement2" name="findBrokenLinks" time="0.0">
    <ignored/>
  </testcase> <!-- findBrokenLinks -->
  <testcase classname="com.selenium.practice.HandlingWebElement1" name="rightClick" time="0.0">
    <ignored/>
  </testcase> <!-- rightClick -->
</testsuite> <!-- Test -->
