<?xml version="1.0" encoding="UTF-8"?>
<!-- Generated by org.testng.reporters.JUnitXMLReporter -->
<testsuite ignored="2" hostname="DESKTOP-62EHF2O" failures="0" tests="2" name="Test2" time="18.54" errors="0" timestamp="2025-06-17T23:05:36 IST">
  <testcase classname="com.selenium.practice.HandlingWebElement1" name="dragAndDrop" time="12.162"/>
  <testcase classname="com.selenium.practice.HandlingWebElement1" name="testAuthenticationPopUp" time="6.301"/>
  <testcase classname="com.selenium.practice.HandlingWebElement1" name="doubleClick" time="0.0">
    <ignored/>
  </testcase> <!-- doubleClick -->
  <testcase classname="com.selenium.practice.HandlingWebElement1" name="rightClick" time="0.0">
    <ignored/>
  </testcase> <!-- rightClick -->
</testsuite> <!-- Test2 -->
