<?xml version="1.0" encoding="UTF-8"?>
<!-- Generated by org.testng.reporters.JUnitXMLReporter -->
<testsuite ignored="6" hostname="DESKTOP-62EHF2O" failures="0" tests="1" name="Test1" time="11.953" errors="0" timestamp="2025-06-17T23:05:29 IST">
  <testcase classname="com.selenium.practice.HandlingWebElement2" name="copyPaste" time="11.863"/>
  <testcase classname="com.selenium.practice.HandlingWebElement2" name="dynamicWebTable2" time="0.0">
    <ignored/>
  </testcase> <!-- dynamicWebTable2 -->
  <testcase classname="com.selenium.practice.HandlingWebElement2" name="dynamicWebTable1" time="0.0">
    <ignored/>
  </testcase> <!-- dynamicWebTable1 -->
  <testcase classname="com.selenium.practice.HandlingWebElement2" name="shadowDOM" time="0.0">
    <ignored/>
  </testcase> <!-- shadowDOM -->
  <testcase classname="com.selenium.practice.HandlingWebElement2" name="sliderDemo" time="0.0">
    <ignored/>
  </testcase> <!-- sliderDemo -->
  <testcase classname="com.selenium.practice.HandlingWebElement2" name="findBrokenLinks" time="0.0">
    <ignored/>
  </testcase> <!-- findBrokenLinks -->
  <testcase classname="com.selenium.practice.HandlingWebElement2" name="takeScreenshot" time="0.0">
    <ignored/>
  </testcase> <!-- takeScreenshot -->
</testsuite> <!-- Test1 -->
